<?xml version="1.0" encoding="UTF-8"?>
<!-- Generated by org.testng.reporters.JUnitReportReporter -->
<testsuite hostname="VIJAY" failures="0" tests="1" name="runner.RegistrationRunner" time="0.184" errors="0" timestamp="2024-02-24T07:26:27 IST" skipped="0">
  <testcase classname="runner.RegistrationRunner" name="runScenario" time="0.184"/>
  <system-out/>
</testsuite> <!-- runner.RegistrationRunner -->
