<?xml version="1.0" encoding="UTF-8"?>
<!-- Generated by org.testng.reporters.JUnitReportReporter -->
<testsuite hostname="VIJAY" failures="0" tests="3" name="runner.OrderRunner" time="0.627" errors="0" timestamp="2024-02-21T21:20:30 IST" skipped="0">
  <testcase classname="runner.OrderRunner" name="runScenario" time="0.217"/>
  <system-out/>
  <testcase classname="runner.OrderRunner" name="runScenario" time="0.324"/>
  <system-out/>
  <testcase classname="runner.OrderRunner" name="runScenario" time="0.086"/>
  <system-out/>
</testsuite> <!-- runner.OrderRunner -->
