<?xml version="1.0" encoding="UTF-8"?>
<!-- Generated by org.testng.reporters.JUnitReportReporter -->
<testsuite hostname="VIJAY" failures="0" tests="2" name="runner.LoginRunner" time="0.159" errors="0" timestamp="2024-02-20T08:12:16 IST" skipped="0">
  <testcase classname="runner.LoginRunner" name="runScenario" time="0.149"/>
  <system-out/>
  <testcase classname="runner.LoginRunner" name="runScenario" time="0.010"/>
  <system-out/>
</testsuite> <!-- runner.LoginRunner -->
