<?xml version="1.0" encoding="UTF-8"?>
<!-- Generated by org.testng.reporters.JUnitReportReporter -->
<testsuite hostname="VIJAY" failures="0" tests="3" name="runner.ProfileRunner" time="0.247" errors="0" timestamp="2024-02-27T06:38:24 IST" skipped="0">
  <testcase classname="runner.ProfileRunner" name="runScenario" time="0.026"/>
  <system-out/>
  <testcase classname="runner.ProfileRunner" name="runScenario" time="0.191"/>
  <system-out/>
  <testcase classname="runner.ProfileRunner" name="runScenario" time="0.030"/>
  <system-out/>
</testsuite> <!-- runner.ProfileRunner -->
