<?xml version="1.0" encoding="UTF-8"?>
<!-- Generated by org.testng.reporters.JUnitReportReporter -->
<testsuite hostname="VIJAY" failures="0" tests="1" name="runner.LoginWithDataRunner" time="0.184" errors="0" timestamp="2024-02-21T08:04:17 IST" skipped="0">
  <testcase classname="runner.LoginWithDataRunner" name="runScenario" time="0.184"/>
  <system-out/>
</testsuite> <!-- runner.LoginWithDataRunner -->
