<?xml version="1.0" encoding="UTF-8"?>
<!-- Generated by org.testng.reporters.JUnitReportReporter -->
<testsuite hostname="VIJAY" failures="0" tests="4" name="runner.ScanirioOutlineRunner" time="0.301" errors="0" timestamp="2024-02-23T07:23:59 IST" skipped="0">
  <testcase classname="runner.ScanirioOutlineRunner" name="runScenario" time="0.020"/>
  <system-out/>
  <testcase classname="runner.ScanirioOutlineRunner" name="runScenario" time="0.041"/>
  <system-out/>
  <testcase classname="runner.ScanirioOutlineRunner" name="runScenario" time="0.023"/>
  <system-out/>
  <testcase classname="runner.ScanirioOutlineRunner" name="runScenario" time="0.217"/>
  <system-out/>
</testsuite> <!-- runner.ScanirioOutlineRunner -->
